<?xml version="1.0" encoding="UTF-8"?>
<!-- Generated by org.testng.reporters.JUnitReportReporter -->
<testsuite skipped="0" hostname="DESKTOP-62596MK" name="Pojo.extractPojo" tests="1" failures="0" timestamp="31 Mar 2021 06:58:02 GMT" time="7.118" errors="0">
  <testcase name="callAPIPojo" time="7.118" classname="Pojo.extractPojo"/>
</testsuite> <!-- Pojo.extractPojo -->
