<?xml version="1.0" encoding="UTF-8"?>
<!-- Generated by org.testng.reporters.JUnitReportReporter -->
<testsuite skipped="0" hostname="DESKTOP-62596MK" name="Practice.BDDGetapi" tests="1" failures="0" timestamp="31 Mar 2021 20:05:48 GMT" time="5.794" errors="0">
  <testcase name="apidelete4" time="5.794" classname="Practice.BDDGetapi"/>
</testsuite> <!-- Practice.BDDGetapi -->
