<?xml version="1.0" encoding="UTF-8"?>
<!-- Generated by org.testng.reporters.JUnitReportReporter -->
<testsuite skipped="0" hostname="DESKTOP-62596MK" name="BaseTest.TestAPI" tests="1" failures="0" timestamp="23 Mar 2021 20:52:09 GMT" time="0.027" errors="0">
  <testcase name="sumTest" time="0.027" classname="BaseTest.TestAPI"/>
</testsuite> <!-- BaseTest.TestAPI -->
