<?xml version="1.0" encoding="UTF-8"?>
<!-- Generated by org.testng.reporters.JUnitReportReporter -->
<testsuite skipped="0" hostname="DESKTOP-62596MK" name="Practice.getapitest" tests="1" failures="0" timestamp="23 Mar 2021 15:49:55 GMT" time="13.170" errors="0">
  <testcase name="getPostAPI" time="13.170" classname="Practice.getapitest"/>
</testsuite> <!-- Practice.getapitest -->
