<?xml version="1.0" encoding="UTF-8"?>
<!-- Generated by org.testng.reporters.JUnitReportReporter -->
<testsuite skipped="0" hostname="DESKTOP-62596MK" name="BaseTest.GetApi" tests="1" failures="0" timestamp="07 Apr 2021 19:51:16 GMT" time="3.651" errors="0">
  <testcase name="getTest" time="3.651" classname="BaseTest.GetApi"/>
</testsuite> <!-- BaseTest.GetApi -->
