<?xml version="1.0" encoding="UTF-8"?>
<!-- Generated by org.testng.reporters.JUnitReportReporter -->
<testsuite skipped="0" hostname="DESKTOP-62596MK" name="StudentAPI.DataproviderJson" tests="3" failures="0" timestamp="29 Mar 2021 19:40:06 GMT" time="3.978" errors="0">
  <testcase name="login" time="0.809" classname="StudentAPI.DataproviderJson"/>
  <testcase name="login" time="0.781" classname="StudentAPI.DataproviderJson"/>
  <testcase name="login" time="2.388" classname="StudentAPI.DataproviderJson"/>
</testsuite> <!-- StudentAPI.DataproviderJson -->
