<?xml version="1.0" encoding="UTF-8"?>
<!-- Generated by org.testng.reporters.JUnitReportReporter -->
<testsuite skipped="0" hostname="DESKTOP-62596MK" name="BaseTest.Basetest" tests="1" failures="0" timestamp="06 Apr 2021 19:16:42 GMT" time="0.022" errors="0">
  <testcase name="utilcall" time="0.022" classname="BaseTest.Basetest"/>
</testsuite> <!-- BaseTest.Basetest -->
