<?xml version="1.0" encoding="UTF-8"?>
<!-- Generated by org.testng.reporters.JUnitReportReporter -->
<testsuite skipped="0" hostname="DESKTOP-62596MK" name="Practice.ScehmaValidator" tests="1" failures="0" timestamp="05 Apr 2021 08:22:30 GMT" time="26.900" errors="0">
  <testcase name="gettet" time="26.900" classname="Practice.ScehmaValidator"/>
</testsuite> <!-- Practice.ScehmaValidator -->
